<?xml version="1.0" encoding="UTF-8"?>
<testng-results skipped="0" failed="0" ignored="0" total="1" passed="1">
  <reporter-output>
  </reporter-output>
  <suite name="Default suite" duration-ms="111986" started-at="2019-12-27T17:49:17Z" finished-at="2019-12-27T17:51:09Z">
    <groups>
    </groups>
    <test name="Default test" duration-ms="111986" started-at="2019-12-27T17:49:17Z" finished-at="2019-12-27T17:51:09Z">
      <class name="com.sltechknow.testscript.SearchTripTest">
        <test-method status="PASS" signature="openApp()[pri:0, instance:com.sltechknow.testscript.SearchTripTest@5c7fa833]" name="openApp" is-config="true" duration-ms="9014" started-at="2019-12-27T09:49:17Z" finished-at="2019-12-27T09:49:26Z">
          <reporter-output>
          </reporter-output>
        </test-method> <!-- openApp -->
        <test-method status="PASS" signature="searchForHotel()[pri:0, instance:com.sltechknow.testscript.SearchTripTest@5c7fa833]" name="searchForHotel" duration-ms="102914" started-at="2019-12-27T09:49:26Z" finished-at="2019-12-27T09:51:09Z">
          <reporter-output>
          </reporter-output>
        </test-method> <!-- searchForHotel -->
        <test-method status="PASS" signature="closeAppn()[pri:0, instance:com.sltechknow.testscript.SearchTripTest@5c7fa833]" name="closeAppn" is-config="true" duration-ms="1" started-at="2019-12-27T09:51:09Z" finished-at="2019-12-27T09:51:09Z">
          <reporter-output>
          </reporter-output>
        </test-method> <!-- closeAppn -->
      </class> <!-- com.sltechknow.testscript.SearchTripTest -->
    </test> <!-- Default test -->
  </suite> <!-- Default suite -->
</testng-results>
